<?xml version="1.0" encoding="UTF-8"?>
<!-- Generated by org.testng.reporters.JUnitReportReporter -->
<testsuite skipped="0" hostname="DESKTOP-PC46FNP" name="org.testng.Dprovider" tests="4" failures="0" timestamp="16 Jul 2021 09:09:16 GMT" time="138.030" errors="0">
  <testcase name="search" time="33.459" classname="org.testng.Dprovider"/>
  <testcase name="search" time="40.583" classname="org.testng.Dprovider"/>
  <testcase name="search" time="28.796" classname="org.testng.Dprovider"/>
  <testcase name="search" time="35.192" classname="org.testng.Dprovider"/>
</testsuite> <!-- org.testng.Dprovider -->
