<?xml version="1.0" encoding="UTF-8"?>
<!-- Generated by org.testng.reporters.JUnitReportReporter -->
<testsuite skipped="6" hostname="DESKTOP-PC46FNP" name="org.testng.Testngsir" tests="6" failures="0" timestamp="09 Jul 2021 09:58:09 GMT" time="0.000" errors="0">
  <testcase name="f12" time="0.000" classname="org.testng.Testngsir">
    <skipped/>
  </testcase> <!-- f12 -->
  <testcase name="f11" time="0.000" classname="org.testng.Testngsir">
    <skipped/>
  </testcase> <!-- f11 -->
  <testcase name="f14" time="0.000" classname="org.testng.Testngsir">
    <skipped/>
  </testcase> <!-- f14 -->
  <testcase name="f13" time="0.000" classname="org.testng.Testngsir">
    <skipped/>
  </testcase> <!-- f13 -->
  <testcase name="f15" time="0.000" classname="org.testng.Testngsir">
    <skipped/>
  </testcase> <!-- f15 -->
  <testcase name="f" time="0.000" classname="org.testng.Testngsir">
    <skipped/>
  </testcase> <!-- f -->
</testsuite> <!-- org.testng.Testngsir -->
