<?xml version="1.0" encoding="UTF-8"?>
<!-- Generated by org.testng.reporters.JUnitReportReporter -->
<testsuite skipped="0" hostname="DESKTOP-PC46FNP" name="org.testng.AdactintsetParam" tests="2" failures="0" timestamp="19 Jul 2021 09:43:09 GMT" time="8.723" errors="0">
  <testcase name="tc1" time="4.504" classname="org.testng.AdactintsetParam"/>
  <testcase name="tc0" time="4.219" classname="org.testng.AdactintsetParam"/>
</testsuite> <!-- org.testng.AdactintsetParam -->
