<?xml version="1.0" encoding="UTF-8"?>
<!-- Generated by org.testng.reporters.JUnitReportReporter -->
<testsuite skipped="0" hostname="DESKTOP-PC46FNP" name="org.testng.Parallel" tests="3" failures="0" timestamp="20 Jul 2021 06:52:54 GMT" time="186.948" errors="0">
  <testcase name="executSessionOne" time="62.356" classname="org.testng.Parallel"/>
  <testcase name="executSessionThree" time="62.300" classname="org.testng.Parallel"/>
  <testcase name="executeSessionTwo" time="62.292" classname="org.testng.Parallel"/>
</testsuite> <!-- org.testng.Parallel -->
