<?xml version="1.0" encoding="UTF-8"?>
<!-- Generated by org.testng.reporters.JUnitReportReporter -->
<testsuite skipped="0" hostname="DESKTOP-PC46FNP" name="org.testng.Dprovider2" tests="4" failures="0" timestamp="16 Jul 2021 09:31:11 GMT" time="113.752" errors="0">
  <testcase name="search" time="24.443" classname="org.testng.Dprovider2"/>
  <testcase name="search" time="40.377" classname="org.testng.Dprovider2"/>
  <testcase name="search" time="22.031" classname="org.testng.Dprovider2"/>
  <testcase name="search" time="26.901" classname="org.testng.Dprovider2"/>
</testsuite> <!-- org.testng.Dprovider2 -->
