<?xml version="1.0" encoding="UTF-8"?>
<!-- Generated by org.testng.reporters.JUnitReportReporter -->
<testsuite skipped="0" hostname="DESKTOP-PC46FNP" name="org.testng.Demosqatestng" tests="1" failures="0" timestamp="19 Jul 2021 13:22:26 GMT" time="25.405" errors="0">
  <testcase name="tc0" time="25.405" classname="org.testng.Demosqatestng"/>
</testsuite> <!-- org.testng.Demosqatestng -->
