<?xml version="1.0" encoding="UTF-8"?>
<!-- Generated by org.testng.reporters.JUnitReportReporter -->
<testsuite skipped="0" hostname="DESKTOP-PC46FNP" name="org.testng.Paramsample" tests="1" failures="0" timestamp="16 Jul 2021 04:36:52 GMT" time="0.064" errors="0">
  <testcase name="Sum" time="0.064" classname="org.testng.Paramsample"/>
</testsuite> <!-- org.testng.Paramsample -->
