<?xml version="1.0" encoding="UTF-8"?>
<!-- Generated by org.testng.reporters.JUnitReportReporter -->
<testsuite skipped="1" hostname="DESKTOP-PC46FNP" name="org.testng.NewTestpri" tests="10" failures="0" timestamp="09 Jul 2021 10:14:48 GMT" time="0.270" errors="0">
  <testcase name="f1" time="0.192" classname="org.testng.NewTestpri"/>
  <testcase name="f2" time="0.015" classname="org.testng.NewTestpri"/>
  <testcase name="f4" time="0.000" classname="org.testng.NewTestpri"/>
  <testcase name="f3" time="0.015" classname="org.testng.NewTestpri"/>
  <testcase name="f3" time="0.000" classname="org.testng.NewTestpri"/>
  <testcase name="f3" time="0.016" classname="org.testng.NewTestpri"/>
  <testcase name="f3" time="0.016" classname="org.testng.NewTestpri"/>
  <testcase name="f3" time="0.016" classname="org.testng.NewTestpri"/>
  <testcase name="f" time="0.000" classname="org.testng.NewTestpri"/>
  <testcase name="f5" classname="org.testng.NewTestpri">
    <skipped/>
  </testcase> <!-- f5 -->
</testsuite> <!-- org.testng.NewTestpri -->
